2025-08-26T23:03:43.548Z vite:config bundled config file loaded in 35.50ms
2025-08-26T23:03:43.568Z vite:config using resolved config: {
  plugins: [
    'vite:build-metadata',
    'vite:watch-package-data',
    'vite:pre-alias',
    'alias',
    'vite:react-babel',
    'vite:react-refresh',
    'vite:modulepreload-polyfill',
    'vite:resolve',
    'vite:html-inline-proxy',
    'vite:css',
    'vite:esbuild',
    'vite:json',
    'vite:wasm-helper',
    'vite:worker',
    'vite:asset',
    'vite:wasm-fallback',
    'vite:define',
    'vite:css-post',
    'vite:build-html',
    'vite:worker-import-meta-url',
    'vite:asset-import-meta-url',
    'vite:force-systemjs-wrap-complete',
    'commonjs',
    'vite:data-uri',
    'vite:dynamic-import-vars',
    'vite:import-glob',
    'vite:build-import-analysis',
    'vite:esbuild-transpile',
    'vite:terser',
    'vite:reporter',
    'vite:load-fallback'
  ],
  build: {
    target: [ 'es2020', 'edge88', 'firefox78', 'chrome87', 'safari14' ],
    cssTarget: [ 'es2020', 'edge88', 'firefox78', 'chrome87', 'safari14' ],
    outDir: 'dist',
    assetsDir: 'assets',
    assetsInlineLimit: 4096,
    cssCodeSplit: true,
    sourcemap: false,
    rollupOptions: { onwarn: [Function: onwarn] },
    minify: 'esbuild',
    terserOptions: {},
    write: true,
    emptyOutDir: null,
    copyPublicDir: true,
    manifest: false,
    lib: false,
    ssr: false,
    ssrManifest: false,
    ssrEmitAssets: false,
    reportCompressedSize: true,
    chunkSizeWarningLimit: 500,
    watch: null,
    commonjsOptions: { include: [Array], extensions: [Array] },
    dynamicImportVarsOptions: { warnOnError: true, exclude: [Array] },
    modulePreload: { polyfill: true },
    cssMinify: true
  },
  esbuild: { jsxDev: false, jsx: 'automatic', jsxImportSource: undefined },
  optimizeDeps: {
    holdUntilCrawlEnd: true,
    esbuildOptions: { preserveSymlinks: false, jsx: 'automatic' },
    include: [ 'react', 'react/jsx-dev-runtime', 'react/jsx-runtime' ]
  },
  resolve: {
    mainFields: [ 'browser', 'module', 'jsnext:main', 'jsnext' ],
    conditions: [],
    extensions: [
      '.mjs',  '.js',
      '.mts',  '.ts',
      '.jsx',  '.tsx',
      '.json'
    ],
    dedupe: [ 'react', 'react-dom' ],
    preserveSymlinks: false,
    alias: [ [Object], [Object] ]
  },
  configFile: '/home/insight/insight_hunter_demo/vite.config.ts',
  configFileDependencies: [ '/home/insight/insight_hunter_demo/vite.config.ts' ],
  inlineConfig: {
    root: undefined,
    base: undefined,
    mode: undefined,
    configFile: undefined,
    logLevel: undefined,
    clearScreen: undefined,
    build: {}
  },
  root: '/home/insight/insight_hunter_demo',
  base: '/',
  decodedBase: '/',
  rawBase: '/',
  publicDir: '/home/insight/insight_hunter_demo/public',
  cacheDir: '/home/insight/insight_hunter_demo/node_modules/.vite',
  command: 'build',
  mode: 'production',
  ssr: {
    target: 'node',
    optimizeDeps: { noDiscovery: true, esbuildOptions: [Object] }
  },
  isWorker: false,
  mainConfig: null,
  bundleChain: [],
  isProduction: true,
  css: { lightningcss: undefined },
  server: {
    preTransformRequests: true,
    sourcemapIgnoreList: [Function: isInNodeModules$1],
    middlewareMode: false,
    fs: {
      strict: true,
      allow: [Array],
      deny: [Array],
      cachedChecks: undefined
    }
  },
  preview: {
    port: undefined,
    strictPort: undefined,
    host: undefined,
    https: undefined,
    open: undefined,
    proxy: undefined,
    cors: undefined,
    headers: undefined
  },
  envDir: '/home/insight/insight_hunter_demo',
  env: { BASE_URL: '/', MODE: 'production', DEV: false, PROD: true },
  assetsInclude: [Function: assetsInclude],
  logger: {
    hasWarned: false,
    info: [Function: info],
    warn: [Function: warn],
    warnOnce: [Function: warnOnce],
    error: [Function: error],
    clearScreen: [Function: clearScreen],
    hasErrorLogged: [Function: hasErrorLogged]
  },
  packageCache: Map(1) {
    'fnpd_/home/insight/insight_hunter_demo' => {
      dir: '/home/insight/insight_hunter_demo',
      data: [Object],
      hasSideEffects: [Function: hasSideEffects],
      webResolvedImports: {},
      nodeResolvedImports: {},
      setResolvedCache: [Function: setResolvedCache],
      getResolvedCache: [Function: getResolvedCache]
    },
    set: [Function (anonymous)]
  },
  createResolver: [Function: createResolver],
  worker: { format: 'iife', plugins: '() => plugins', rollupOptions: {} },
  appType: 'spa',
  experimental: { importGlobRestoreExtension: false, hmrPartialAccept: false },
  getSortedPlugins: [Function: getSortedPlugins],
  getSortedPluginHooks: [Function: getSortedPluginHooks]
}
vite v5.4.6 building for production...
transforming...
✓ 3 modules transformed.
x Build failed in 73ms
error during build:
[commonjs--resolver] Invalid URL
    at new URL (node:internal/url:825:25)
    at Object.resolveId (file:///home/insight/insight_hunter_demo/node_modules/vite/dist/node/chunks/dep-DyBnyoVI.js:20611:19)
    at file:///home/insight/insight_hunter_demo/node_modules/rollup/dist/es/shared/node-entry.js:22395:40
    at async PluginDriver.hookFirstAndGetPlugin (file:///home/insight/insight_hunter_demo/node_modules/rollup/dist/es/shared/node-entry.js:22277:28)
    at async resolveId (file:///home/insight/insight_hunter_demo/node_modules/rollup/dist/es/shared/node-entry.js:20754:26)
    at async ModuleLoader.resolveId (file:///home/insight/insight_hunter_demo/node_modules/rollup/dist/es/shared/node-entry.js:21190:15)
    at async Object.resolveId (file:///home/insight/insight_hunter_demo/node_modules/vite/dist/node/chunks/dep-DyBnyoVI.js:12833:10)
    at async PluginDriver.hookFirstAndGetPlugin (file:///home/insight/insight_hunter_demo/node_modules/rollup/dist/es/shared/node-entry.js:22277:28)
    at async resolveId (file:///home/insight/insight_hunter_demo/node_modules/rollup/dist/es/shared/node-entry.js:20754:26)
    at async ModuleLoader.resolveId (file:///home/insight/insight_hunter_demo/node_modules/rollup/dist/es/shared/node-entry.js:21190:15)
